<?xml version="1.0"?>
<!DOCTYPE coverage SYSTEM "http://cobertura.sourceforge.net/xml/coverage-04.dtd">
<coverage 
line-rate="1.00" lines-valid="43" lines-covered="43" branches-valid="4" branches-covered="4" branch-rate="1.00" complexity="0" version="1.0" timestamp="1531724150964">
    <sources>
        <source>--source</source>
        <source>/home/knoldus/Downloads/ScalaProjectDemo/src/main/scala</source>
    </sources>
    <packages>
        <package name="com.knoldus" line-rate="1.00" branch-rate="1.00" complexity="0">
            <classes>
                <class 
                name="com.knoldus.Employee" filename="com/knoldus/Employee.scala" line-rate="1.00" branch-rate="1.00" complexity="0">
                    <methods>
                        <method name="com.knoldus/Employee/reviseSalary" signature="()V" line-rate="1.00" branch-rate="1.00" complexity="0">
                            <lines>
                                <line number="15" hits="1" branch="false"/>
                                <line number="15" hits="1" branch="false"/>
                                <line number="13" hits="1" branch="false"/>
                                <line number="16" hits="1" branch="false"/>
                                <line number="14" hits="1" branch="false"/>
                                <line number="15" hits="1" branch="false"/>
                                <line number="15" hits="1" branch="false"/>
                                <line number="16" hits="1" branch="false"/>
                                <line number="14" hits="1" branch="false"/>
                            </lines>
                        </method>
                        <method name="com.knoldus/Employee/findEmployees" signature="()V" line-rate="1.00" branch-rate="1.00" complexity="0">
                            <lines>
                                <line number="6" hits="1" branch="false"/>
                                <line number="7" hits="1" branch="false"/>
                                <line number="6" hits="1" branch="false"/>
                                <line number="6" hits="1" branch="false"/>
                                <line number="6" hits="1" branch="false"/>
                            </lines>
                        </method>
                    </methods>
                    <lines>
                        <line number="15" hits="1" branch="false"/>
                        <line number="15" hits="1" branch="false"/>
                        <line number="6" hits="1" branch="false"/>
                        <line number="7" hits="1" branch="false"/>
                        <line number="13" hits="1" branch="false"/>
                        <line number="16" hits="1" branch="false"/>
                        <line number="6" hits="1" branch="false"/>
                        <line number="14" hits="1" branch="false"/>
                        <line number="15" hits="1" branch="false"/>
                        <line number="6" hits="1" branch="false"/>
                        <line number="15" hits="1" branch="false"/>
                        <line number="6" hits="1" branch="false"/>
                        <line number="16" hits="1" branch="false"/>
                        <line number="14" hits="1" branch="false"/>
                    </lines>
</class>
                <class 
                name="com.knoldus.FrequencyOfCharacter" filename="com/knoldus/FrequencyOfCharacter.scala" line-rate="1.00" branch-rate="1.00" complexity="0">
                    <methods>
                        <method 
                        name="com.knoldus/FrequencyOfCharacter/calculate" signature="()V" line-rate="1.00" branch-rate="1.00" complexity="0">
                            <lines>
                                <line number="7" hits="1" branch="false"/>
                                <line number="7" hits="1" branch="false"/>
                                <line number="7" hits="1" branch="false"/>
                                <line number="7" hits="1" branch="false"/>
                                <line number="7" hits="1" branch="false"/>
                            </lines>
</method>
                    </methods>
                    <lines>
                        <line number="7" hits="1" branch="false"/>
                        <line number="7" hits="1" branch="false"/>
                        <line number="7" hits="1" branch="false"/>
                        <line number="7" hits="1" branch="false"/>
                        <line number="7" hits="1" branch="false"/>
                    </lines>
</class>
                <class 
                name="com.knoldus.Multiplication" filename="com/knoldus/Multiplication.scala" line-rate="1.00" branch-rate="1.00" complexity="0">
                    <methods>
                        <method 
                        name="com.knoldus/Multiplication/multiplication" signature="()V" line-rate="1.00" branch-rate="1.00" complexity="0">
                            <lines>
                                <line number="8" hits="1" branch="false"/>
                                <line number="7" hits="1" branch="false"/>
                                <line number="7" hits="1" branch="false"/>
                                <line number="8" hits="1" branch="false"/>
                                <line number="7" hits="1" branch="false"/>
                                <line number="8" hits="1" branch="false"/>
                            </lines>
</method>
                    </methods>
                    <lines>
                        <line number="8" hits="1" branch="false"/>
                        <line number="7" hits="1" branch="false"/>
                        <line number="7" hits="1" branch="false"/>
                        <line number="8" hits="1" branch="false"/>
                        <line number="7" hits="1" branch="false"/>
                        <line number="8" hits="1" branch="false"/>
                    </lines>
</class>
                <class 
                name="com.knoldus.MaximumElements" filename="com/knoldus/MaximumElement.scala" line-rate="1.00" branch-rate="1.00" complexity="0">
                    <methods>
                        <method 
                        name="com.knoldus/MaximumElements/maximumElements" signature="()V" line-rate="1.00" branch-rate="1.00" complexity="0">
                            <lines>
                                <line number="13" hits="1" branch="false"/>
                                <line number="20" hits="1" branch="false"/>
                                <line number="20" hits="1" branch="false"/>
                                <line number="13" hits="1" branch="false"/>
                                <line number="16" hits="1" branch="false"/>
                                <line number="8" hits="1" branch="false"/>
                                <line number="19" hits="1" branch="false"/>
                                <line number="9" hits="1" branch="false"/>
                                <line number="20" hits="1" branch="false"/>
                                <line number="13" hits="1" branch="false"/>
                                <line number="12" hits="1" branch="false"/>
                                <line number="16" hits="1" branch="false"/>
                                <line number="15" hits="1" branch="false"/>
                                <line number="18" hits="1" branch="false"/>
                                <line number="9" hits="1" branch="false"/>
                                <line number="19" hits="1" branch="false"/>
                                <line number="13" hits="1" branch="false"/>
                                <line number="20" hits="1" branch="false"/>
                            </lines>
</method>
                    </methods>
                    <lines>
                        <line number="13" hits="1" branch="false"/>
                        <line number="20" hits="1" branch="false"/>
                        <line number="20" hits="1" branch="false"/>
                        <line number="13" hits="1" branch="false"/>
                        <line number="16" hits="1" branch="false"/>
                        <line number="8" hits="1" branch="false"/>
                        <line number="19" hits="1" branch="false"/>
                        <line number="9" hits="1" branch="false"/>
                        <line number="20" hits="1" branch="false"/>
                        <line number="13" hits="1" branch="false"/>
                        <line number="12" hits="1" branch="false"/>
                        <line number="16" hits="1" branch="false"/>
                        <line number="15" hits="1" branch="false"/>
                        <line number="18" hits="1" branch="false"/>
                        <line number="9" hits="1" branch="false"/>
                        <line number="19" hits="1" branch="false"/>
                        <line number="13" hits="1" branch="false"/>
                        <line number="20" hits="1" branch="false"/>
                    </lines>
</class>
            </classes>
        </package>
    </packages>
</coverage>
